<?xml version="1.0" encoding="UTF-8"?>
<!-- Generated by org.testng.reporters.JUnitReportReporter -->
<testsuite skipped="0" hostname="Gozdes-MacBook-Pro.local" name="com.syntax.class2.Task" tests="1" failures="0" timestamp="2020-08-30T19:25:02 PDT" time="22.311" errors="0">
  <testcase name="verifyLabels" time="22.311" classname="com.syntax.class2.Task"/>
  <system-out/>
</testsuite> <!-- com.syntax.class2.Task -->
