<?xml version="1.0" encoding="UTF-8"?>
<!-- Generated by org.testng.reporters.JUnitReportReporter -->
<testsuite skipped="0" hostname="Gozdes-MacBook-Pro.local" name="com.syntax.class3.LoginPageTest" tests="3" failures="0" timestamp="2020-09-03T18:34:46 PDT" time="17.855" errors="0">
  <testcase name="multipleLogin" time="6.281" classname="com.syntax.class3.LoginPageTest"/>
  <system-out/>
  <testcase name="multipleLogin" time="5.610" classname="com.syntax.class3.LoginPageTest"/>
  <system-out/>
  <testcase name="multipleLogin" time="5.964" classname="com.syntax.class3.LoginPageTest"/>
  <system-out/>
</testsuite> <!-- com.syntax.class3.LoginPageTest -->
