<?xml version="1.0" encoding="UTF-8"?>
<!-- Generated by org.testng.reporters.JUnitReportReporter -->
<testsuite skipped="0" hostname="Gozdes-MacBook-Pro.local" name="com.syntax.class3.GroupsExample" tests="1" failures="0" timestamp="2020-09-05T09:15:51 PDT" time="6.177" errors="0">
  <testcase name="validLogin" time="6.177" classname="com.syntax.class3.GroupsExample"/>
  <system-out/>
</testsuite> <!-- com.syntax.class3.GroupsExample -->
