<?xml version="1.0" encoding="UTF-8"?>
<!-- Generated by org.testng.reporters.JUnitReportReporter -->
<testsuite skipped="0" hostname="Gozdes-MacBook-Pro.local" name="com.syntax.class1.DifferentAnnotations" tests="3" failures="0" timestamp="2020-08-30T11:33:38 PDT" time="0.006" errors="0">
  <testcase name="testMethod" time="0.005" classname="com.syntax.class1.DifferentAnnotations"/>
  <system-out/>
  <testcase name="testMethod3" time="0.000" classname="com.syntax.class1.DifferentAnnotations"/>
  <system-out/>
  <testcase name="testMethod2" time="0.001" classname="com.syntax.class1.DifferentAnnotations"/>
  <system-out/>
</testsuite> <!-- com.syntax.class1.DifferentAnnotations -->
