<?xml version="1.0" encoding="UTF-8"?>
<!-- Generated by org.testng.reporters.JUnitReportReporter -->
<testsuite skipped="0" hostname="Gozdes-MacBook-Pro.local" name="com.syntax.class2.Dependancy" tests="1" failures="0" timestamp="2020-09-03T17:00:04 PDT" time="4.676" errors="0">
  <testcase name="validLogin" time="4.676" classname="com.syntax.class2.Dependancy"/>
  <system-out/>
</testsuite> <!-- com.syntax.class2.Dependancy -->
