<?xml version="1.0" encoding="UTF-8"?>
<!-- Generated by org.testng.reporters.JUnitReportReporter -->
<testsuite skipped="0" hostname="Gozdes-MacBook-Pro.local" name="com.syntax.class3.HW" tests="5" failures="0" timestamp="2020-09-04T09:59:25 PDT" time="35.569" errors="0">
  <testcase name="multipleLogin" time="8.037" classname="com.syntax.class3.HW"/>
  <system-out/>
  <testcase name="multipleLogin" time="6.312" classname="com.syntax.class3.HW"/>
  <system-out/>
  <testcase name="multipleLogin" time="6.307" classname="com.syntax.class3.HW"/>
  <system-out/>
  <testcase name="multipleLogin" time="7.743" classname="com.syntax.class3.HW"/>
  <system-out/>
  <testcase name="multipleLogin" time="7.170" classname="com.syntax.class3.HW"/>
  <system-out/>
</testsuite> <!-- com.syntax.class3.HW -->
