<?xml version="1.0" encoding="UTF-8"?>
<!-- Generated by org.testng.reporters.JUnitReportReporter -->
<testsuite skipped="0" hostname="Gozdes-MacBook-Pro.local" name="com.syntax.class2.Dependancy" tests="3" failures="0" timestamp="2020-08-30T11:01:01 PDT" time="8.107" errors="0">
  <testcase name="titleValidation" time="1.791" classname="com.syntax.class2.Dependancy"/>
  <system-out/>
  <testcase name="invalidLogin" time="1.955" classname="com.syntax.class2.Dependancy"/>
  <system-out/>
  <testcase name="validLogin" time="4.361" classname="com.syntax.class2.Dependancy"/>
  <system-out/>
</testsuite> <!-- com.syntax.class2.Dependancy -->
